E:\CODING\VISUAL STUDIO\OPENCV-CL_DEMO-SHOFFTESFAYE\OPENCV-CL_DEMO-SHOFFTESFAYE\RELEASE\OCLPERFSTATS_SHOFFTESFAYE.OBJ
E:\CODING\VISUAL STUDIO\OPENCV-CL_DEMO-SHOFFTESFAYE\OPENCV-CL_DEMO-SHOFFTESFAYE\RELEASE\MAIN.OBJ
E:\CODING\VISUAL STUDIO\OPENCV-CL_DEMO-SHOFFTESFAYE\OPENCV-CL_DEMO-SHOFFTESFAYE\RELEASE\BM_SOBELOCL_SHOFFTESFAYE.OBJ
E:\CODING\VISUAL STUDIO\OPENCV-CL_DEMO-SHOFFTESFAYE\OPENCV-CL_DEMO-SHOFFTESFAYE\RELEASE\BM_FACEDETECTOCL_SHOFFTESFAYE.OBJ
E:\CODING\VISUAL STUDIO\OPENCV-CL_DEMO-SHOFFTESFAYE\OPENCV-CL_DEMO-SHOFFTESFAYE\RELEASE\BM_CANNYOCL_SHOFFTESFAYE.OBJ
E:\CODING\VISUAL STUDIO\OPENCV-CL_DEMO-SHOFFTESFAYE\OPENCV-CL_DEMO-SHOFFTESFAYE\RELEASE\BM_BILATERALFILTEROCL_SHOFFTESFAYE.OBJ
E:\CODING\VISUAL STUDIO\OPENCV-CL_DEMO-SHOFFTESFAYE\OPENCV-CL_DEMO-SHOFFTESFAYE\RELEASE\VC110.PDB
E:\CODING\VISUAL STUDIO\OPENCV-CL_DEMO-SHOFFTESFAYE\RELEASE\OPENCV-CL_DEMO-SHOFFTESFAYE.EXE
E:\CODING\VISUAL STUDIO\OPENCV-CL_DEMO-SHOFFTESFAYE\RELEASE\OPENCV-CL_DEMO-SHOFFTESFAYE.PDB
E:\Coding\Visual Studio\OpenCV-CL_Demo-ShoffTesfaye\OpenCV-CL_Demo-ShoffTesfaye\Release\BM_BilateralFilterOCL_ShoffTesfaye.obj
E:\Coding\Visual Studio\OpenCV-CL_Demo-ShoffTesfaye\OpenCV-CL_Demo-ShoffTesfaye\Release\BM_CannyOCL_ShoffTesfaye.obj
E:\Coding\Visual Studio\OpenCV-CL_Demo-ShoffTesfaye\OpenCV-CL_Demo-ShoffTesfaye\Release\BM_FaceDetectOCL_ShoffTesfaye.obj
E:\Coding\Visual Studio\OpenCV-CL_Demo-ShoffTesfaye\OpenCV-CL_Demo-ShoffTesfaye\Release\BM_SobelOCL_ShoffTesfaye.obj
E:\Coding\Visual Studio\OpenCV-CL_Demo-ShoffTesfaye\OpenCV-CL_Demo-ShoffTesfaye\Release\main.obj
E:\Coding\Visual Studio\OpenCV-CL_Demo-ShoffTesfaye\OpenCV-CL_Demo-ShoffTesfaye\Release\oclPerfStats_ShoffTesfaye.obj
E:\Coding\Visual Studio\OpenCV-CL_Demo-ShoffTesfaye\OpenCV-CL_Demo-ShoffTesfaye\Release\cl.command.1.tlog
E:\Coding\Visual Studio\OpenCV-CL_Demo-ShoffTesfaye\OpenCV-CL_Demo-ShoffTesfaye\Release\CL.read.1.tlog
E:\Coding\Visual Studio\OpenCV-CL_Demo-ShoffTesfaye\OpenCV-CL_Demo-ShoffTesfaye\Release\CL.write.1.tlog
E:\Coding\Visual Studio\OpenCV-CL_Demo-ShoffTesfaye\OpenCV-CL_Demo-ShoffTesfaye\Release\link-cvtres.read.1.tlog
E:\Coding\Visual Studio\OpenCV-CL_Demo-ShoffTesfaye\OpenCV-CL_Demo-ShoffTesfaye\Release\link-cvtres.write.1.tlog
E:\Coding\Visual Studio\OpenCV-CL_Demo-ShoffTesfaye\OpenCV-CL_Demo-ShoffTesfaye\Release\link-rc.read.1.tlog
E:\Coding\Visual Studio\OpenCV-CL_Demo-ShoffTesfaye\OpenCV-CL_Demo-ShoffTesfaye\Release\link-rc.write.1.tlog
E:\Coding\Visual Studio\OpenCV-CL_Demo-ShoffTesfaye\OpenCV-CL_Demo-ShoffTesfaye\Release\link.command.1.tlog
E:\Coding\Visual Studio\OpenCV-CL_Demo-ShoffTesfaye\OpenCV-CL_Demo-ShoffTesfaye\Release\link.read.1.tlog
E:\Coding\Visual Studio\OpenCV-CL_Demo-ShoffTesfaye\OpenCV-CL_Demo-ShoffTesfaye\Release\link.write.1.tlog
E:\Coding\Visual Studio\OpenCV-CL_Demo-ShoffTesfaye\OpenCV-CL_Demo-ShoffTesfaye\Release\vc110.pdb
E:\Coding\Visual Studio\OpenCV-CL_Demo-ShoffTesfaye\Release\OpenCV-CL_Demo-ShoffTesfaye.pdb
E:\Coding\Visual Studio\OpenCV-CL_Demo-ShoffTesfaye\Release\OpenCV-CL_Demo-ShoffTesfaye.exe
